c:\users\achiy\source\repos\header_linked_list_exe\header_linked_list_exe\x64\debug\vc143.pdb
c:\users\achiy\source\repos\header_linked_list_exe\header_linked_list_exe\x64\debug\vc143.idb
c:\users\achiy\source\repos\header_linked_list_exe\header_linked_list_exe\x64\debug\header_linked_list_exe.obj
c:\users\achiy\source\repos\header_linked_list_exe\header_linked_list_exe\x64\debug\header_linked_list_exe.obj.enc
c:\users\achiy\source\repos\header_linked_list_exe\x64\debug\header_linked_list_exe.pdb
c:\users\achiy\source\repos\header_linked_list_exe\header_linked_list_exe\x64\debug\header_l.e6620105.tlog\cl.command.1.tlog
c:\users\achiy\source\repos\header_linked_list_exe\header_linked_list_exe\x64\debug\header_l.e6620105.tlog\cl.read.1.tlog
c:\users\achiy\source\repos\header_linked_list_exe\header_linked_list_exe\x64\debug\header_l.e6620105.tlog\cl.write.1.tlog
c:\users\achiy\source\repos\header_linked_list_exe\header_linked_list_exe\x64\debug\header_l.e6620105.tlog\link-cvtres.read.1.tlog
c:\users\achiy\source\repos\header_linked_list_exe\header_linked_list_exe\x64\debug\header_l.e6620105.tlog\link-cvtres.write.1.tlog
c:\users\achiy\source\repos\header_linked_list_exe\header_linked_list_exe\x64\debug\header_l.e6620105.tlog\link-rc.read.1.tlog
c:\users\achiy\source\repos\header_linked_list_exe\header_linked_list_exe\x64\debug\header_l.e6620105.tlog\link-rc.write.1.tlog
c:\users\achiy\source\repos\header_linked_list_exe\header_linked_list_exe\x64\debug\header_l.e6620105.tlog\link.26632-cvtres.read.1.tlog
c:\users\achiy\source\repos\header_linked_list_exe\header_linked_list_exe\x64\debug\header_l.e6620105.tlog\link.26632-cvtres.write.1.tlog
c:\users\achiy\source\repos\header_linked_list_exe\header_linked_list_exe\x64\debug\header_l.e6620105.tlog\link.26632-rc.read.1.tlog
c:\users\achiy\source\repos\header_linked_list_exe\header_linked_list_exe\x64\debug\header_l.e6620105.tlog\link.26632-rc.write.1.tlog
c:\users\achiy\source\repos\header_linked_list_exe\header_linked_list_exe\x64\debug\header_l.e6620105.tlog\link.26632.read.1.tlog
c:\users\achiy\source\repos\header_linked_list_exe\header_linked_list_exe\x64\debug\header_l.e6620105.tlog\link.26632.read.2.tlog
c:\users\achiy\source\repos\header_linked_list_exe\header_linked_list_exe\x64\debug\header_l.e6620105.tlog\link.26632.write.1.tlog
c:\users\achiy\source\repos\header_linked_list_exe\header_linked_list_exe\x64\debug\header_l.e6620105.tlog\link.command.1.tlog
c:\users\achiy\source\repos\header_linked_list_exe\header_linked_list_exe\x64\debug\header_l.e6620105.tlog\link.read.1.tlog
c:\users\achiy\source\repos\header_linked_list_exe\header_linked_list_exe\x64\debug\header_l.e6620105.tlog\link.read.2.tlog
c:\users\achiy\source\repos\header_linked_list_exe\header_linked_list_exe\x64\debug\header_l.e6620105.tlog\link.read.3.tlog
c:\users\achiy\source\repos\header_linked_list_exe\header_linked_list_exe\x64\debug\header_l.e6620105.tlog\link.write.1.tlog
